/home/user/.miniforge3/envs/slayer/lib/python3.10/site-packages/torchvision/io/image.py:13: UserWarning: Failed to load image Python extension: libjpeg.so.8: cannot open shared object file: No such file or directory
  warn(f"Failed to load image Python extension: {e}")
Namespace(model='SEWResNet', dataset='cifar10dvs', num_classes=10, data_path='/data/SpikeJelly/cifar10dvs', device='cuda:0', batch_size=16, heads=1, workers=0, print_freq=2560, output_dir='./logs', resume='', sync_bn=False, test_only=False, amp=False, world_size=1, dist_url='env://', tb=True, T=16, opt='adamw', opt_eps=1e-08, opt_betas=None, weight_decay=0.06, momentum=0.9, connect_f='ADD', T_train=None, sched='cosine', lr=0.001, lr_noise=None, lr_noise_pct=0.67, lr_noise_std=1.0, lr_cycle_mul=1.0, lr_cycle_limit=1, warmup_lr=1e-05, min_lr=1e-05, epochs=1000, epoch_repeats=0.0, start_epoch=0, decay_epochs=20, warmup_epochs=10, cooldown_epochs=10, patience_epochs=10, decay_rate=0.1, smoothing=0.1, mixup=0.5, cutmix=0.0, cutmix_minmax=None, mixup_prob=0.5, mixup_switch_prob=0.5, mixup_mode='batch', mixup_off_epoch=0, distributed=False)
Loading data
The directory [/data/SpikeJelly/cifar10dvs/frames_number_16_split_by_number] already exists.
Took 66.73512744903564
Creating data loaders
Creating model
number of params: 21070385
purge_step_train=0, purge_step_te=0
Start training
Epoch: [0]  [  0/562]  eta: 0:18:35  lr: 1e-05  img/s: 8.687140497297051  loss: 2.3573 (2.3573)  acc1: 6.2500 (6.2500)  acc5: 43.7500 (43.7500)  time: 1.9853  data: 0.1435  max mem: 3227
Epoch: [0] Total time: 0:02:23
 *Train Acc@1 = 13.400800711743772, Acc@5 = 58.930160142348754, loss = 2.2847636819310035
Test:  [ 0/63]  eta: 0:00:10  loss: 2.3189 (2.3189)  acc1: 18.7500 (18.7500)  acc5: 37.5000 (37.5000)  time: 0.1632  data: 0.1221  max mem: 3482
Test: Total time: 0:00:09
 *Test Acc@1 = 13.6, Acc@5 = 60.6, loss = 2.2559266506679476
##################################################

1/1010 | Train 13.401 | Test 13.600

##################################################
Namespace(model='SEWResNet', dataset='cifar10dvs', num_classes=10, data_path='/data/SpikeJelly/cifar10dvs', device='cuda:0', batch_size=16, heads=1, workers=0, print_freq=2560, output_dir='./logs', resume='', sync_bn=False, test_only=False, amp=False, world_size=1, dist_url='env://', tb=True, T=16, opt='adamw', opt_eps=1e-08, opt_betas=None, weight_decay=0.06, momentum=0.9, connect_f='ADD', T_train=None, sched='cosine', lr=0.001, lr_noise=None, lr_noise_pct=0.67, lr_noise_std=1.0, lr_cycle_mul=1.0, lr_cycle_limit=1, warmup_lr=1e-05, min_lr=1e-05, epochs=1000, epoch_repeats=0.0, start_epoch=0, decay_epochs=20, warmup_epochs=10, cooldown_epochs=10, patience_epochs=10, decay_rate=0.1, smoothing=0.1, mixup=0.5, cutmix=0.0, cutmix_minmax=None, mixup_prob=0.5, mixup_switch_prob=0.5, mixup_mode='batch', mixup_off_epoch=0, distributed=False)
Training time 0:02:33 max_test_acc1 13.6 test_acc5_at_max_test_acc1 60.6
./logs/SEWResNet_b16_T16_wd0.06_adamw_cnf_ADD/lr0.001
Epoch: [1]  [  0/562]  eta: 0:02:40  lr: 0.00010899999999999999  img/s: 105.82607392969724  loss: 2.2651 (2.2651)  acc1: 18.7500 (18.7500)  acc5: 50.0000 (50.0000)  time: 0.2861  data: 0.1349  max mem: 3482
Epoch: [1] Total time: 0:02:21
 *Train Acc@1 = 14.779804270462634, Acc@5 = 62.98932384341637, loss = 2.2606010377619192
Test:  [ 0/63]  eta: 0:00:09  loss: 2.0999 (2.0999)  acc1: 18.7500 (18.7500)  acc5: 75.0000 (75.0000)  time: 0.1551  data: 0.1151  max mem: 3482
Test: Total time: 0:00:09
 *Test Acc@1 = 19.6, Acc@5 = 69.4, loss = 2.17491402701726
##################################################

2/1010 | Train 14.780 | Test 19.600

##################################################
Namespace(model='SEWResNet', dataset='cifar10dvs', num_classes=10, data_path='/data/SpikeJelly/cifar10dvs', device='cuda:0', batch_size=16, heads=1, workers=0, print_freq=2560, output_dir='./logs', resume='', sync_bn=False, test_only=False, amp=False, world_size=1, dist_url='env://', tb=True, T=16, opt='adamw', opt_eps=1e-08, opt_betas=None, weight_decay=0.06, momentum=0.9, connect_f='ADD', T_train=None, sched='cosine', lr=0.001, lr_noise=None, lr_noise_pct=0.67, lr_noise_std=1.0, lr_cycle_mul=1.0, lr_cycle_limit=1, warmup_lr=1e-05, min_lr=1e-05, epochs=1000, epoch_repeats=0.0, start_epoch=0, decay_epochs=20, warmup_epochs=10, cooldown_epochs=10, patience_epochs=10, decay_rate=0.1, smoothing=0.1, mixup=0.5, cutmix=0.0, cutmix_minmax=None, mixup_prob=0.5, mixup_switch_prob=0.5, mixup_mode='batch', mixup_off_epoch=0, distributed=False)
Training time 0:05:05 max_test_acc1 19.6 test_acc5_at_max_test_acc1 69.4
./logs/SEWResNet_b16_T16_wd0.06_adamw_cnf_ADD/lr0.001
Epoch: [2]  [  0/562]  eta: 0:02:39  lr: 0.000208  img/s: 107.0902646902532  loss: 2.2028 (2.2028)  acc1: 12.5000 (12.5000)  acc5: 75.0000 (75.0000)  time: 0.2832  data: 0.1338  max mem: 3482
Epoch: [2] Total time: 0:02:22
 *Train Acc@1 = 18.794483985765126, Acc@5 = 70.50711743772241, loss = 2.20195218019214
Test:  [ 0/63]  eta: 0:00:09  loss: 2.3194 (2.3194)  acc1: 12.5000 (12.5000)  acc5: 37.5000 (37.5000)  time: 0.1575  data: 0.1159  max mem: 3482
Test: Total time: 0:00:09
 *Test Acc@1 = 23.9, Acc@5 = 73.1, loss = 2.084356799958244
##################################################

3/1010 | Train 18.794 | Test 23.900

##################################################
Namespace(model='SEWResNet', dataset='cifar10dvs', num_classes=10, data_path='/data/SpikeJelly/cifar10dvs', device='cuda:0', batch_size=16, heads=1, workers=0, print_freq=2560, output_dir='./logs', resume='', sync_bn=False, test_only=False, amp=False, world_size=1, dist_url='env://', tb=True, T=16, opt='adamw', opt_eps=1e-08, opt_betas=None, weight_decay=0.06, momentum=0.9, connect_f='ADD', T_train=None, sched='cosine', lr=0.001, lr_noise=None, lr_noise_pct=0.67, lr_noise_std=1.0, lr_cycle_mul=1.0, lr_cycle_limit=1, warmup_lr=1e-05, min_lr=1e-05, epochs=1000, epoch_repeats=0.0, start_epoch=0, decay_epochs=20, warmup_epochs=10, cooldown_epochs=10, patience_epochs=10, decay_rate=0.1, smoothing=0.1, mixup=0.5, cutmix=0.0, cutmix_minmax=None, mixup_prob=0.5, mixup_switch_prob=0.5, mixup_mode='batch', mixup_off_epoch=0, distributed=False)
Training time 0:07:38 max_test_acc1 23.9 test_acc5_at_max_test_acc1 73.1
./logs/SEWResNet_b16_T16_wd0.06_adamw_cnf_ADD/lr0.001
Epoch: [3]  [  0/562]  eta: 0:02:38  lr: 0.000307  img/s: 105.81372621673654  loss: 2.2711 (2.2711)  acc1: 25.0000 (25.0000)  acc5: 62.5000 (62.5000)  time: 0.2824  data: 0.1312  max mem: 3482
Epoch: [3] Total time: 0:02:24
 *Train Acc@1 = 22.608985765124554, Acc@5 = 75.08896797153025, loss = 2.146237971095428
Test:  [ 0/63]  eta: 0:00:11  loss: 1.9866 (1.9866)  acc1: 18.7500 (18.7500)  acc5: 75.0000 (75.0000)  time: 0.1875  data: 0.1397  max mem: 3482
Test: Total time: 0:00:10
 *Test Acc@1 = 27.0, Acc@5 = 78.5, loss = 1.9847240807518127
##################################################

4/1010 | Train 22.609 | Test 27.000

##################################################
Namespace(model='SEWResNet', dataset='cifar10dvs', num_classes=10, data_path='/data/SpikeJelly/cifar10dvs', device='cuda:0', batch_size=16, heads=1, workers=0, print_freq=2560, output_dir='./logs', resume='', sync_bn=False, test_only=False, amp=False, world_size=1, dist_url='env://', tb=True, T=16, opt='adamw', opt_eps=1e-08, opt_betas=None, weight_decay=0.06, momentum=0.9, connect_f='ADD', T_train=None, sched='cosine', lr=0.001, lr_noise=None, lr_noise_pct=0.67, lr_noise_std=1.0, lr_cycle_mul=1.0, lr_cycle_limit=1, warmup_lr=1e-05, min_lr=1e-05, epochs=1000, epoch_repeats=0.0, start_epoch=0, decay_epochs=20, warmup_epochs=10, cooldown_epochs=10, patience_epochs=10, decay_rate=0.1, smoothing=0.1, mixup=0.5, cutmix=0.0, cutmix_minmax=None, mixup_prob=0.5, mixup_switch_prob=0.5, mixup_mode='batch', mixup_off_epoch=0, distributed=False)
Training time 0:10:13 max_test_acc1 27.0 test_acc5_at_max_test_acc1 78.5
./logs/SEWResNet_b16_T16_wd0.06_adamw_cnf_ADD/lr0.001
Epoch: [4]  [  0/562]  eta: 0:02:47  lr: 0.000406  img/s: 104.92859074967907  loss: 2.1565 (2.1565)  acc1: 31.2500 (31.2500)  acc5: 87.5000 (87.5000)  time: 0.2987  data: 0.1463  max mem: 3482
Epoch: [4] Total time: 0:02:43
 *Train Acc@1 = 24.410587188612098, Acc@5 = 78.23620996441281, loss = 2.1057824706691863
Test:  [ 0/63]  eta: 0:00:13  loss: 2.1154 (2.1154)  acc1: 25.0000 (25.0000)  acc5: 68.7500 (68.7500)  time: 0.2168  data: 0.1542  max mem: 3482
